    TEST DATA defined in "config.py" for this Automation tests is as below:

            CHROME_PATH = "C:/Program Files (x86)/chromedriver.exe"
            recalls01url = "https://www.consumeraffairs.com/recalls/liberty-mountain-recalls-birdie-belay-devices-032921.html#"
            disclaimerexpectedtext = "ConsumerAffairs is not a government agency and may be compensated by companies displayed. How it works."
            footerexpectedcopyright = "Copyright Â© 2021 Consumers Unified LLC. All Rights Reserved. The contents of this site may not be republished, reprinted, rewritten or recirculated without written permission."
            footerexpectedbody = "ConsumerAffairs is not a government agency. Companies displayed may pay us to be Authorized or when you click a link, call a number or fill a form on our site. Our content is intended to be used for general information purposes only. It is very important to do your own analysis before making any investment based on your own personal circumstances and consult with your own investment, financial, tax and legal advisers."
            twitterurl = "https://twitter.com/"
            contactusurl = "https://www.consumeraffairs.com/about/contact/"
            faqurl = "https://www.consumeraffairs.com/about/faq/"
            terms_of_useurl = "https://www.consumeraffairs.com/about/terms_of_use/"
            privacypolicyurl = "https://www.consumeraffairs.com/about/privacy_policy/"
            canoticeurl = "https://www.consumeraffairs.com/about/privacy_policy/#california-consumers"

I am assuming that I know what the texts and URLs should be in order to compare the expected with the actual results extracted from the webpage.

I am using "pytest --tb=no -s" command to execute this test, an output sample of the latest run is attached in this repo as pytestoutput

Below is a summary of the test run, we had 2 failed test cases due to an empty list in one of the navigation bar elements (Related News Stories), all of the other test cases passed
        =============================================== short test summary info ===============================================
        FAILED test_recalls01.py::test_related_news_first - Failed: Element not found
        FAILED test_recalls01.py::test_related_news_last - Failed: Element not found
        ====================================== 2 failed, 15 passed in 140.22s (0:02:20) =======================================